<?xml version="1.0" encoding="UTF-8"?>
<robot generator="Robot 5.0.1 (Python 3.10.2 on win32)" generated="20221015 17:06:13.350" rpa="false" schemaversion="3">
<suite id="s1" name="Test The Page" source="C:\robot\Tests\test_the_page.robot">
<test id="s1-t1" name="The page text elements are shown correctly" line="18">
<kw name="Begin Web Test" library="Common" type="SETUP">
<kw name="Open Browser" library="SeleniumLibrary">
<arg>about:blank</arg>
<arg>${BROWSER}</arg>
<doc>Opens a new browser instance to the optional ``url``.</doc>
<msg timestamp="20221015 17:06:13.495" level="INFO">Opening browser 'chrome' to base url 'about:blank'.</msg>
<status status="PASS" starttime="20221015 17:06:13.495" endtime="20221015 17:06:15.469"/>
</kw>
<kw name="Log" library="BuiltIn">
<arg>Accessing to ${START_URL}</arg>
<doc>Logs the given message with the given level.</doc>
<msg timestamp="20221015 17:06:15.469" level="INFO">Accessing to https://demo.patient.noonatest.com/patient/</msg>
<status status="PASS" starttime="20221015 17:06:15.469" endtime="20221015 17:06:15.469"/>
</kw>
<kw name="Go To" library="SeleniumLibrary">
<arg>${START_URL}</arg>
<doc>Navigates the current browser window to the provided ``url``.</doc>
<msg timestamp="20221015 17:06:15.469" level="INFO">Opening url 'https://demo.patient.noonatest.com/patient/'</msg>
<status status="PASS" starttime="20221015 17:06:15.469" endtime="20221015 17:06:16.657"/>
</kw>
<kw name="Maximize Browser Window" library="SeleniumLibrary">
<doc>Maximizes current browser window.</doc>
<status status="PASS" starttime="20221015 17:06:16.657" endtime="20221015 17:06:16.771"/>
</kw>
<status status="PASS" starttime="20221015 17:06:13.495" endtime="20221015 17:06:16.771"/>
</kw>
<kw name="English is chosen by default" library="Main_page">
<kw name="Wait Until Element Is Visible" library="SeleniumLibrary">
<arg>${LANGUAGE_PICKER}</arg>
<doc>Waits until the element ``locator`` is visible.</doc>
<status status="PASS" starttime="20221015 17:06:16.774" endtime="20221015 17:06:17.452"/>
</kw>
<kw name="Click Element" library="SeleniumLibrary">
<arg>${LANGUAGE_PICKER}</arg>
<doc>Click the element identified by ``locator``.</doc>
<msg timestamp="20221015 17:06:17.452" level="INFO">Clicking element 'class=ng-value-container'.</msg>
<status status="PASS" starttime="20221015 17:06:17.452" endtime="20221015 17:06:17.516"/>
</kw>
<kw name="Wait Until Element Is Visible" library="SeleniumLibrary">
<arg>${CHOSEN_LANGUAGE}</arg>
<doc>Waits until the element ``locator`` is visible.</doc>
<status status="PASS" starttime="20221015 17:06:17.516" endtime="20221015 17:06:17.535"/>
</kw>
<kw name="Get Text" library="SeleniumLibrary">
<var>${ACTUAL_TEXT}</var>
<arg>${CHOSEN_LANGUAGE}</arg>
<doc>Returns the text value of the element identified by ``locator``.</doc>
<msg timestamp="20221015 17:06:17.556" level="INFO">${ACTUAL_TEXT} = English</msg>
<status status="PASS" starttime="20221015 17:06:17.536" endtime="20221015 17:06:17.556"/>
</kw>
<kw name="Should Be Equal As Strings" library="BuiltIn">
<arg>${ACTUAL_TEXT}</arg>
<arg>${EXPECTED_LANGUAGE}</arg>
<doc>Fails if objects are unequal after converting them to strings.</doc>
<status status="PASS" starttime="20221015 17:06:17.556" endtime="20221015 17:06:17.556"/>
</kw>
<status status="PASS" starttime="20221015 17:06:16.772" endtime="20221015 17:06:17.556"/>
</kw>
<kw name="The title is shown correctly" library="Main_page">
<kw name="Wait Until Element Is Visible" library="SeleniumLibrary">
<arg>${TITLE}</arg>
<doc>Waits until the element ``locator`` is visible.</doc>
<status status="PASS" starttime="20221015 17:06:17.557" endtime="20221015 17:06:17.575"/>
</kw>
<kw name="Get Text" library="SeleniumLibrary">
<var>${ACTUAL_TEXT}</var>
<arg>${TITLE}</arg>
<doc>Returns the text value of the element identified by ``locator``.</doc>
<msg timestamp="20221015 17:06:17.591" level="INFO">${ACTUAL_TEXT} = Welcome to Noona</msg>
<status status="PASS" starttime="20221015 17:06:17.575" endtime="20221015 17:06:17.591"/>
</kw>
<kw name="Should Be Equal As Strings" library="BuiltIn">
<arg>${ACTUAL_TEXT}</arg>
<arg>${EXPECTED_TITLE}</arg>
<doc>Fails if objects are unequal after converting them to strings.</doc>
<status status="PASS" starttime="20221015 17:06:17.591" endtime="20221015 17:06:17.591"/>
</kw>
<status status="PASS" starttime="20221015 17:06:17.557" endtime="20221015 17:06:17.591"/>
</kw>
<kw name="The description is shown correctly" library="Main_page">
<kw name="Wait Until Element Is Visible" library="SeleniumLibrary">
<arg>${DESCRIPTION}</arg>
<doc>Waits until the element ``locator`` is visible.</doc>
<status status="PASS" starttime="20221015 17:06:17.592" endtime="20221015 17:06:17.609"/>
</kw>
<kw name="Get Text" library="SeleniumLibrary">
<var>${ACTUAL_TEXT}</var>
<arg>${DESCRIPTION}</arg>
<doc>Returns the text value of the element identified by ``locator``.</doc>
<msg timestamp="20221015 17:06:17.624" level="INFO">${ACTUAL_TEXT} = Please enter your email address and password.</msg>
<status status="PASS" starttime="20221015 17:06:17.609" endtime="20221015 17:06:17.624"/>
</kw>
<kw name="Should Be Equal As Strings" library="BuiltIn">
<arg>${ACTUAL_TEXT}</arg>
<arg>${EXPECTED_DESCRIPTION}</arg>
<doc>Fails if objects are unequal after converting them to strings.</doc>
<status status="PASS" starttime="20221015 17:06:17.624" endtime="20221015 17:06:17.624"/>
</kw>
<status status="PASS" starttime="20221015 17:06:17.592" endtime="20221015 17:06:17.624"/>
</kw>
<kw name="The bottom text is shown correctly" library="Main_page">
<kw name="Wait Until Element Is Visible" library="SeleniumLibrary">
<arg>${MARKING_DESCRIPTION}</arg>
<doc>Waits until the element ``locator`` is visible.</doc>
<status status="PASS" starttime="20221015 17:06:17.625" endtime="20221015 17:06:17.642"/>
</kw>
<kw name="Wait Until Element Is Visible" library="SeleniumLibrary">
<arg>${DISCLAIMER}</arg>
<doc>Waits until the element ``locator`` is visible.</doc>
<status status="PASS" starttime="20221015 17:06:17.642" endtime="20221015 17:06:17.658"/>
</kw>
<kw name="Wait Until Element Is Visible" library="SeleniumLibrary">
<arg>${COPYRIGHT}</arg>
<doc>Waits until the element ``locator`` is visible.</doc>
<status status="PASS" starttime="20221015 17:06:17.658" endtime="20221015 17:06:17.674"/>
</kw>
<status status="PASS" starttime="20221015 17:06:17.625" endtime="20221015 17:06:17.674"/>
</kw>
<kw name="End Web Test" library="Common" type="TEARDOWN">
<kw name="Close Browser" library="SeleniumLibrary">
<doc>Closes the current browser.</doc>
<status status="PASS" starttime="20221015 17:06:17.675" endtime="20221015 17:06:19.780"/>
</kw>
<status status="PASS" starttime="20221015 17:06:17.675" endtime="20221015 17:06:19.780"/>
</kw>
<tag>smoke</tag>
<status status="PASS" starttime="20221015 17:06:13.494" endtime="20221015 17:06:19.781"/>
</test>
<test id="s1-t2" name="The login form elements are shown correctly" line="25">
<kw name="Begin Web Test" library="Common" type="SETUP">
<kw name="Open Browser" library="SeleniumLibrary">
<arg>about:blank</arg>
<arg>${BROWSER}</arg>
<doc>Opens a new browser instance to the optional ``url``.</doc>
<msg timestamp="20221015 17:06:19.786" level="INFO">Opening browser 'chrome' to base url 'about:blank'.</msg>
<status status="PASS" starttime="20221015 17:06:19.785" endtime="20221015 17:06:21.061"/>
</kw>
<kw name="Log" library="BuiltIn">
<arg>Accessing to ${START_URL}</arg>
<doc>Logs the given message with the given level.</doc>
<msg timestamp="20221015 17:06:21.061" level="INFO">Accessing to https://demo.patient.noonatest.com/patient/</msg>
<status status="PASS" starttime="20221015 17:06:21.061" endtime="20221015 17:06:21.061"/>
</kw>
<kw name="Go To" library="SeleniumLibrary">
<arg>${START_URL}</arg>
<doc>Navigates the current browser window to the provided ``url``.</doc>
<msg timestamp="20221015 17:06:21.062" level="INFO">Opening url 'https://demo.patient.noonatest.com/patient/'</msg>
<status status="PASS" starttime="20221015 17:06:21.062" endtime="20221015 17:06:22.076"/>
</kw>
<kw name="Maximize Browser Window" library="SeleniumLibrary">
<doc>Maximizes current browser window.</doc>
<status status="PASS" starttime="20221015 17:06:22.077" endtime="20221015 17:06:22.195"/>
</kw>
<status status="PASS" starttime="20221015 17:06:19.785" endtime="20221015 17:06:22.196"/>
</kw>
<kw name="Email form is shown" library="Login_section">
<kw name="Wait Until Element Is Visible" library="SeleniumLibrary">
<arg>${EMAIL_FORM}</arg>
<doc>Waits until the element ``locator`` is visible.</doc>
<status status="PASS" starttime="20221015 17:06:22.198" endtime="20221015 17:06:22.878"/>
</kw>
<status status="PASS" starttime="20221015 17:06:22.197" endtime="20221015 17:06:22.878"/>
</kw>
<kw name="Password form is shown" library="Login_section">
<kw name="Wait Until Element Is Visible" library="SeleniumLibrary">
<arg>${PASSWORD_FORM}</arg>
<doc>Waits until the element ``locator`` is visible.</doc>
<status status="PASS" starttime="20221015 17:06:22.878" endtime="20221015 17:06:22.900"/>
</kw>
<status status="PASS" starttime="20221015 17:06:22.878" endtime="20221015 17:06:22.900"/>
</kw>
<kw name="Log in button is shown" library="Login_section">
<kw name="Wait Until Element Is Visible" library="SeleniumLibrary">
<arg>${LOGIN_BUTTON}</arg>
<doc>Waits until the element ``locator`` is visible.</doc>
<status status="PASS" starttime="20221015 17:06:22.901" endtime="20221015 17:06:22.924"/>
</kw>
<status status="PASS" starttime="20221015 17:06:22.901" endtime="20221015 17:06:22.924"/>
</kw>
<kw name="Problems logging in link is correct" library="Login_section">
<kw name="Wait Until Element Is Visible" library="SeleniumLibrary">
<arg>${PROBLEMS_LINK}</arg>
<doc>Waits until the element ``locator`` is visible.</doc>
<status status="PASS" starttime="20221015 17:06:22.925" endtime="20221015 17:06:22.945"/>
</kw>
<kw name="Get Text" library="SeleniumLibrary">
<var>${ACTUAL_TEXT}</var>
<arg>${PROBLEMS_LINK}</arg>
<doc>Returns the text value of the element identified by ``locator``.</doc>
<msg timestamp="20221015 17:06:22.962" level="INFO">${ACTUAL_TEXT} = PROBLEMS LOGGING IN?</msg>
<status status="PASS" starttime="20221015 17:06:22.945" endtime="20221015 17:06:22.962"/>
</kw>
<kw name="Should Be Equal As Strings" library="BuiltIn">
<arg>${ACTUAL_TEXT}</arg>
<arg>${EXPECTED_PROBLEMS_LINK_TEXT}</arg>
<arg>ignore_case=true</arg>
<doc>Fails if objects are unequal after converting them to strings.</doc>
<status status="PASS" starttime="20221015 17:06:22.962" endtime="20221015 17:06:22.962"/>
</kw>
<status status="PASS" starttime="20221015 17:06:22.925" endtime="20221015 17:06:22.962"/>
</kw>
<kw name="Account registration link is correct" library="Login_section">
<kw name="Wait Until Element Is Visible" library="SeleniumLibrary">
<arg>${NO_ACCOUNT_LINK}</arg>
<doc>Waits until the element ``locator`` is visible.</doc>
<status status="PASS" starttime="20221015 17:06:22.963" endtime="20221015 17:06:22.982"/>
</kw>
<kw name="Get Text" library="SeleniumLibrary">
<var>${ACTUAL_TEXT}</var>
<arg>${NO_ACCOUNT_LINK}</arg>
<doc>Returns the text value of the element identified by ``locator``.</doc>
<msg timestamp="20221015 17:06:22.997" level="INFO">${ACTUAL_TEXT} = DON'T HAVE AN ACCOUNT?</msg>
<status status="PASS" starttime="20221015 17:06:22.982" endtime="20221015 17:06:22.997"/>
</kw>
<kw name="Should Be Equal As Strings" library="BuiltIn">
<arg>${ACTUAL_TEXT}</arg>
<arg>${EXPECTED_NO_ACCOUNT_LINK_TEXT}</arg>
<arg>ignore_case=true</arg>
<doc>Fails if objects are unequal after converting them to strings.</doc>
<status status="PASS" starttime="20221015 17:06:22.997" endtime="20221015 17:06:22.998"/>
</kw>
<status status="PASS" starttime="20221015 17:06:22.963" endtime="20221015 17:06:22.998"/>
</kw>
<kw name="End Web Test" library="Common" type="TEARDOWN">
<kw name="Close Browser" library="SeleniumLibrary">
<doc>Closes the current browser.</doc>
<status status="PASS" starttime="20221015 17:06:22.999" endtime="20221015 17:06:25.116"/>
</kw>
<status status="PASS" starttime="20221015 17:06:22.998" endtime="20221015 17:06:25.116"/>
</kw>
<tag>smoke</tag>
<status status="PASS" starttime="20221015 17:06:19.784" endtime="20221015 17:06:25.117"/>
</test>
<test id="s1-t3" name="The &quot;Problems logging in&quot; pop-up is shown correctly" line="33">
<kw name="Begin Web Test" library="Common" type="SETUP">
<kw name="Open Browser" library="SeleniumLibrary">
<arg>about:blank</arg>
<arg>${BROWSER}</arg>
<doc>Opens a new browser instance to the optional ``url``.</doc>
<msg timestamp="20221015 17:06:25.123" level="INFO">Opening browser 'chrome' to base url 'about:blank'.</msg>
<status status="PASS" starttime="20221015 17:06:25.122" endtime="20221015 17:06:26.387"/>
</kw>
<kw name="Log" library="BuiltIn">
<arg>Accessing to ${START_URL}</arg>
<doc>Logs the given message with the given level.</doc>
<msg timestamp="20221015 17:06:26.387" level="INFO">Accessing to https://demo.patient.noonatest.com/patient/</msg>
<status status="PASS" starttime="20221015 17:06:26.387" endtime="20221015 17:06:26.387"/>
</kw>
<kw name="Go To" library="SeleniumLibrary">
<arg>${START_URL}</arg>
<doc>Navigates the current browser window to the provided ``url``.</doc>
<msg timestamp="20221015 17:06:26.387" level="INFO">Opening url 'https://demo.patient.noonatest.com/patient/'</msg>
<status status="PASS" starttime="20221015 17:06:26.387" endtime="20221015 17:06:27.452"/>
</kw>
<kw name="Maximize Browser Window" library="SeleniumLibrary">
<doc>Maximizes current browser window.</doc>
<status status="PASS" starttime="20221015 17:06:27.453" endtime="20221015 17:06:27.576"/>
</kw>
<status status="PASS" starttime="20221015 17:06:25.122" endtime="20221015 17:06:27.576"/>
</kw>
<kw name="Click Problems logging in" library="Login_section">
<kw name="Wait Until Element Is Visible" library="SeleniumLibrary">
<arg>${PROBLEMS_LINK}</arg>
<doc>Waits until the element ``locator`` is visible.</doc>
<status status="PASS" starttime="20221015 17:06:27.577" endtime="20221015 17:06:28.067"/>
</kw>
<kw name="Click Element" library="SeleniumLibrary">
<arg>${PROBLEMS_LINK}</arg>
<doc>Click the element identified by ``locator``.</doc>
<msg timestamp="20221015 17:06:28.067" level="INFO">Clicking element 'id=email-and-password-password-reset-link'.</msg>
<status status="PASS" starttime="20221015 17:06:28.067" endtime="20221015 17:06:28.135"/>
</kw>
<status status="PASS" starttime="20221015 17:06:27.577" endtime="20221015 17:06:28.135"/>
</kw>
<kw name="Title is correct before sending" library="Login_problems_popup">
<kw name="Wait Until Element Is Visible" library="SeleniumLibrary">
<arg>${POPUP_TITLE}</arg>
<doc>Waits until the element ``locator`` is visible.</doc>
<status status="PASS" starttime="20221015 17:06:28.136" endtime="20221015 17:06:28.397"/>
</kw>
<kw name="Get Text" library="SeleniumLibrary">
<var>${ACTUAL_TEXT}</var>
<arg>${POPUP_TITLE}</arg>
<doc>Returns the text value of the element identified by ``locator``.</doc>
<msg timestamp="20221015 17:06:28.416" level="INFO">${ACTUAL_TEXT} = Problems logging in?</msg>
<status status="PASS" starttime="20221015 17:06:28.397" endtime="20221015 17:06:28.416"/>
</kw>
<kw name="Should Be Equal As Strings" library="BuiltIn">
<arg>${ACTUAL_TEXT}</arg>
<arg>${EXPECTED_POPUP_TITLE_BEFORE}</arg>
<arg>ignore_case=true</arg>
<doc>Fails if objects are unequal after converting them to strings.</doc>
<status status="PASS" starttime="20221015 17:06:28.416" endtime="20221015 17:06:28.416"/>
</kw>
<status status="PASS" starttime="20221015 17:06:28.136" endtime="20221015 17:06:28.416"/>
</kw>
<kw name="Click Close and check" library="Login_problems_popup">
<kw name="Wait Until Element Is Visible" library="SeleniumLibrary">
<arg>${CLOSE_BUTTON}</arg>
<doc>Waits until the element ``locator`` is visible.</doc>
<status status="PASS" starttime="20221015 17:06:28.418" endtime="20221015 17:06:28.434"/>
</kw>
<kw name="Click Element" library="SeleniumLibrary">
<arg>${CLOSE_BUTTON}</arg>
<doc>Click the element identified by ``locator``.</doc>
<msg timestamp="20221015 17:06:28.435" level="INFO">Clicking element 'id=password-reset-cancel'.</msg>
<status status="PASS" starttime="20221015 17:06:28.435" endtime="20221015 17:06:28.469"/>
</kw>
<kw name="Wait Until Element Is Not Visible" library="SeleniumLibrary">
<arg>${POPUP_TITLE}</arg>
<doc>Waits until the element ``locator`` is not visible.</doc>
<status status="PASS" starttime="20221015 17:06:28.469" endtime="20221015 17:06:28.711"/>
</kw>
<status status="PASS" starttime="20221015 17:06:28.418" endtime="20221015 17:06:28.711"/>
</kw>
<kw name="Click Problems logging in" library="Login_section">
<kw name="Wait Until Element Is Visible" library="SeleniumLibrary">
<arg>${PROBLEMS_LINK}</arg>
<doc>Waits until the element ``locator`` is visible.</doc>
<status status="PASS" starttime="20221015 17:06:28.712" endtime="20221015 17:06:28.723"/>
</kw>
<kw name="Click Element" library="SeleniumLibrary">
<arg>${PROBLEMS_LINK}</arg>
<doc>Click the element identified by ``locator``.</doc>
<msg timestamp="20221015 17:06:28.723" level="INFO">Clicking element 'id=email-and-password-password-reset-link'.</msg>
<status status="PASS" starttime="20221015 17:06:28.723" endtime="20221015 17:06:28.752"/>
</kw>
<status status="PASS" starttime="20221015 17:06:28.712" endtime="20221015 17:06:28.752"/>
</kw>
<kw name="Enter Email" library="Login_problems_popup">
<kw name="Wait Until Element Is Visible" library="SeleniumLibrary">
<arg>${EMAIL_FORM_RESET}</arg>
<doc>Waits until the element ``locator`` is visible.</doc>
<status status="PASS" starttime="20221015 17:06:28.754" endtime="20221015 17:06:28.988"/>
</kw>
<kw name="Input Text" library="SeleniumLibrary">
<arg>${EMAIL_FORM_RESET}</arg>
<arg>${EMAIL_VALUE}</arg>
<doc>Types the given ``text`` into the text field identified by ``locator``.</doc>
<msg timestamp="20221015 17:06:28.989" level="INFO">Typing text 'fake@varian.com' into text field 'id=password-reset-email'.</msg>
<status status="PASS" starttime="20221015 17:06:28.989" endtime="20221015 17:06:29.052"/>
</kw>
<status status="PASS" starttime="20221015 17:06:28.752" endtime="20221015 17:06:29.052"/>
</kw>
<kw name="Click Send and check the email form" library="Login_problems_popup">
<kw name="Wait Until Element Is Enabled" library="SeleniumLibrary">
<arg>${SEND_BUTTON}</arg>
<doc>Waits until the element ``locator`` is enabled.</doc>
<status status="PASS" starttime="20221015 17:06:29.053" endtime="20221015 17:06:29.078"/>
</kw>
<kw name="Click Element" library="SeleniumLibrary">
<arg>${SEND_BUTTON}</arg>
<doc>Click the element identified by ``locator``.</doc>
<msg timestamp="20221015 17:06:29.078" level="INFO">Clicking element 'id=password-reset-submit'.</msg>
<status status="PASS" starttime="20221015 17:06:29.078" endtime="20221015 17:06:29.117"/>
</kw>
<kw name="Wait Until Element Is Not Visible" library="SeleniumLibrary">
<arg>${EMAIL_FORM_RESET}</arg>
<doc>Waits until the element ``locator`` is not visible.</doc>
<status status="PASS" starttime="20221015 17:06:29.117" endtime="20221015 17:06:29.344"/>
</kw>
<status status="PASS" starttime="20221015 17:06:29.052" endtime="20221015 17:06:29.344"/>
</kw>
<kw name="Title is correct after sending" library="Login_problems_popup">
<kw name="Get Text" library="SeleniumLibrary">
<var>${ACTUAL_TEXT}</var>
<arg>${POPUP_TITLE}</arg>
<doc>Returns the text value of the element identified by ``locator``.</doc>
<msg timestamp="20221015 17:06:29.359" level="INFO">${ACTUAL_TEXT} = Instructions to login sent to your email</msg>
<status status="PASS" starttime="20221015 17:06:29.345" endtime="20221015 17:06:29.359"/>
</kw>
<kw name="Should Be Equal As Strings" library="BuiltIn">
<arg>${ACTUAL_TEXT}</arg>
<arg>${EXPECTED_POPUP_TITLE_AFTER}</arg>
<arg>ignore_case=true</arg>
<doc>Fails if objects are unequal after converting them to strings.</doc>
<status status="PASS" starttime="20221015 17:06:29.359" endtime="20221015 17:06:29.359"/>
</kw>
<status status="PASS" starttime="20221015 17:06:29.345" endtime="20221015 17:06:29.359"/>
</kw>
<kw name="End Web Test" library="Common" type="TEARDOWN">
<kw name="Close Browser" library="SeleniumLibrary">
<doc>Closes the current browser.</doc>
<status status="PASS" starttime="20221015 17:06:29.360" endtime="20221015 17:06:31.512"/>
</kw>
<status status="PASS" starttime="20221015 17:06:29.360" endtime="20221015 17:06:31.514"/>
</kw>
<tag>regression</tag>
<status status="PASS" starttime="20221015 17:06:25.120" endtime="20221015 17:06:31.516"/>
</test>
<test id="s1-t4" name="The &quot;Don't have an account&quot; pop-up is shown correctly" line="43">
<kw name="Begin Web Test" library="Common" type="SETUP">
<kw name="Open Browser" library="SeleniumLibrary">
<arg>about:blank</arg>
<arg>${BROWSER}</arg>
<doc>Opens a new browser instance to the optional ``url``.</doc>
<msg timestamp="20221015 17:06:31.519" level="INFO">Opening browser 'chrome' to base url 'about:blank'.</msg>
<status status="PASS" starttime="20221015 17:06:31.519" endtime="20221015 17:06:32.841"/>
</kw>
<kw name="Log" library="BuiltIn">
<arg>Accessing to ${START_URL}</arg>
<doc>Logs the given message with the given level.</doc>
<msg timestamp="20221015 17:06:32.841" level="INFO">Accessing to https://demo.patient.noonatest.com/patient/</msg>
<status status="PASS" starttime="20221015 17:06:32.841" endtime="20221015 17:06:32.841"/>
</kw>
<kw name="Go To" library="SeleniumLibrary">
<arg>${START_URL}</arg>
<doc>Navigates the current browser window to the provided ``url``.</doc>
<msg timestamp="20221015 17:06:32.842" level="INFO">Opening url 'https://demo.patient.noonatest.com/patient/'</msg>
<status status="PASS" starttime="20221015 17:06:32.841" endtime="20221015 17:06:33.806"/>
</kw>
<kw name="Maximize Browser Window" library="SeleniumLibrary">
<doc>Maximizes current browser window.</doc>
<status status="PASS" starttime="20221015 17:06:33.806" endtime="20221015 17:06:33.929"/>
</kw>
<status status="PASS" starttime="20221015 17:06:31.519" endtime="20221015 17:06:33.929"/>
</kw>
<kw name="Click No account link" library="Login_section">
<kw name="Wait Until Element Is Visible" library="SeleniumLibrary">
<arg>${NO_ACCOUNT_LINK}</arg>
<doc>Waits until the element ``locator`` is visible.</doc>
<status status="PASS" starttime="20221015 17:06:33.930" endtime="20221015 17:06:34.437"/>
</kw>
<kw name="Click Element" library="SeleniumLibrary">
<arg>${NO_ACCOUNT_LINK}</arg>
<doc>Click the element identified by ``locator``.</doc>
<msg timestamp="20221015 17:06:34.438" level="INFO">Clicking element 'id=open-information-overlay'.</msg>
<status status="PASS" starttime="20221015 17:06:34.437" endtime="20221015 17:06:34.500"/>
</kw>
<status status="PASS" starttime="20221015 17:06:33.930" endtime="20221015 17:06:34.500"/>
</kw>
<kw name="Title is correct" library="No_account_popup">
<kw name="Wait Until Element Is Visible" library="SeleniumLibrary">
<arg>${POPUP_TITLE}</arg>
<doc>Waits until the element ``locator`` is visible.</doc>
<status status="PASS" starttime="20221015 17:06:34.501" endtime="20221015 17:06:34.765"/>
</kw>
<kw name="Get Text" library="SeleniumLibrary">
<var>${ACTUAL_TEXT}</var>
<arg>${POPUP_TITLE}</arg>
<doc>Returns the text value of the element identified by ``locator``.</doc>
<msg timestamp="20221015 17:06:34.782" level="INFO">${ACTUAL_TEXT} = Don't have an account?</msg>
<status status="PASS" starttime="20221015 17:06:34.765" endtime="20221015 17:06:34.782"/>
</kw>
<kw name="Should Be Equal As Strings" library="BuiltIn">
<arg>${ACTUAL_TEXT}</arg>
<arg>${EXPECTED_POPUP_TITLE}</arg>
<arg>ignore_case=true</arg>
<doc>Fails if objects are unequal after converting them to strings.</doc>
<status status="PASS" starttime="20221015 17:06:34.782" endtime="20221015 17:06:34.782"/>
</kw>
<status status="PASS" starttime="20221015 17:06:34.501" endtime="20221015 17:06:34.783"/>
</kw>
<kw name="Text is visible" library="No_account_popup">
<kw name="Wait Until Element Is Visible" library="SeleniumLibrary">
<arg>${POPUP_TEXT}</arg>
<doc>Waits until the element ``locator`` is visible.</doc>
<status status="PASS" starttime="20221015 17:06:34.783" endtime="20221015 17:06:34.800"/>
</kw>
<status status="PASS" starttime="20221015 17:06:34.783" endtime="20221015 17:06:34.800"/>
</kw>
<kw name="Click Close and check" library="No_account_popup">
<kw name="Wait Until Element Is Visible" library="SeleniumLibrary">
<arg>${POPUP_CLOSE_BUTTON}</arg>
<doc>Waits until the element ``locator`` is visible.</doc>
<status status="PASS" starttime="20221015 17:06:34.801" endtime="20221015 17:06:34.816"/>
</kw>
<kw name="Click Element" library="SeleniumLibrary">
<arg>${POPUP_CLOSE_BUTTON}</arg>
<doc>Click the element identified by ``locator``.</doc>
<msg timestamp="20221015 17:06:34.816" level="INFO">Clicking element 'id=close-modal'.</msg>
<status status="PASS" starttime="20221015 17:06:34.816" endtime="20221015 17:06:34.845"/>
</kw>
<kw name="Wait Until Element Is Not Visible" library="SeleniumLibrary">
<arg>${POPUP_TITLE}</arg>
<doc>Waits until the element ``locator`` is not visible.</doc>
<status status="PASS" starttime="20221015 17:06:34.845" endtime="20221015 17:06:35.080"/>
</kw>
<status status="PASS" starttime="20221015 17:06:34.801" endtime="20221015 17:06:35.082"/>
</kw>
<kw name="End Web Test" library="Common" type="TEARDOWN">
<kw name="Close Browser" library="SeleniumLibrary">
<doc>Closes the current browser.</doc>
<status status="PASS" starttime="20221015 17:06:35.083" endtime="20221015 17:06:37.216"/>
</kw>
<status status="PASS" starttime="20221015 17:06:35.083" endtime="20221015 17:06:37.216"/>
</kw>
<tag>regression</tag>
<status status="PASS" starttime="20221015 17:06:31.518" endtime="20221015 17:06:37.217"/>
</test>
<doc>Open the Noona patient login website and check it</doc>
<status status="PASS" starttime="20221015 17:06:13.355" endtime="20221015 17:06:37.220"/>
</suite>
<statistics>
<total>
<stat pass="4" fail="0" skip="0">All Tests</stat>
</total>
<tag>
<stat pass="2" fail="0" skip="0">regression</stat>
<stat pass="2" fail="0" skip="0">smoke</stat>
</tag>
<suite>
<stat pass="4" fail="0" skip="0" id="s1" name="Test The Page">Test The Page</stat>
</suite>
</statistics>
<errors>
</errors>
</robot>
